{"actor":"user_3","action":"ACCOUNT_CREATED","payload":{"accountId":4,"currency":"USD","initialBalance":500},"traceId":null,"id":36,"createdAt":"2026-01-29T21:15:16.314Z"}
{"actor":"system","action":"LEDGER_TRANSFER","payload":{"entryId":8,"debitAccountId":3,"creditAccountId":4,"amount":500,"currency":"USD","idempotencyKey":"87518344-a9eb-4283-8787-4b18f9eb4dd8"},"traceId":null,"id":37,"createdAt":"2026-01-29T21:15:16.365Z"}
{"actor":"system","action":"NOTIFICATION_CREATED","payload":{"notificationId":4,"userId":2,"type":"TRANSACTION"},"traceId":null,"id":38,"createdAt":"2026-01-29T21:15:16.455Z"}
{"actor":"system","action":"NOTIFICATION_CREATED","payload":{"notificationId":5,"userId":3,"type":"TRANSACTION"},"traceId":null,"id":39,"createdAt":"2026-01-29T21:15:16.488Z"}
{"actor":"system","action":"NOTIFICATION_SCHEDULED","payload":{"type":"TRANSACTION_SUCCESS","entryId":8,"debitAccountId":3,"creditAccountId":4,"amount":500,"currency":"USD","idempotencyKey":"87518344-a9eb-4283-8787-4b18f9eb4dd8"},"traceId":null,"id":40,"createdAt":"2026-01-29T21:15:16.498Z"}
{"actor":"user_3","action":"ACCOUNT_CREATED","payload":{"accountId":5,"currency":"USD","initialBalance":0},"traceId":null,"id":41,"createdAt":"2026-01-29T21:15:16.597Z"}
{"actor":"user_4","action":"ACCOUNT_CREATED","payload":{"accountId":6,"currency":"USD","initialBalance":500},"traceId":null,"id":42,"createdAt":"2026-01-29T21:16:01.297Z"}
{"actor":"system","action":"LEDGER_TRANSFER","payload":{"entryId":9,"debitAccountId":3,"creditAccountId":6,"amount":500,"currency":"USD","idempotencyKey":"b6880ed4-bacb-419a-8652-509cd3ab6b1b"},"traceId":null,"id":43,"createdAt":"2026-01-29T21:16:01.334Z"}
{"actor":"system","action":"NOTIFICATION_CREATED","payload":{"notificationId":6,"userId":2,"type":"TRANSACTION"},"traceId":null,"id":44,"createdAt":"2026-01-29T21:16:01.376Z"}
{"actor":"system","action":"NOTIFICATION_CREATED","payload":{"notificationId":7,"userId":4,"type":"TRANSACTION"},"traceId":null,"id":45,"createdAt":"2026-01-29T21:16:01.400Z"}
{"actor":"system","action":"NOTIFICATION_SCHEDULED","payload":{"type":"TRANSACTION_SUCCESS","entryId":9,"debitAccountId":3,"creditAccountId":6,"amount":500,"currency":"USD","idempotencyKey":"b6880ed4-bacb-419a-8652-509cd3ab6b1b","signatureAlg":"sha256","signature":"9ef89ec0b4b072f1346b1d3854c69905c4ad0b183e6688186b65d3c63c5c79bc"},"traceId":null,"id":46,"createdAt":"2026-01-29T21:16:01.404Z"}
{"actor":"user_4","action":"ACCOUNT_CREATED","payload":{"accountId":7,"currency":"USD","initialBalance":0},"traceId":null,"id":47,"createdAt":"2026-01-29T21:16:01.561Z"}
{"actor":"user_5","action":"ACCOUNT_CREATED","payload":{"accountId":8,"currency":"USD","initialBalance":500},"traceId":null,"id":48,"createdAt":"2026-01-29T21:16:17.339Z"}
{"actor":"system","action":"LEDGER_TRANSFER","payload":{"entryId":10,"debitAccountId":3,"creditAccountId":8,"amount":500,"currency":"USD","idempotencyKey":"724357ba-b832-4183-8569-34f2a7601fc9"},"traceId":null,"id":49,"createdAt":"2026-01-29T21:16:17.361Z"}
{"actor":"system","action":"NOTIFICATION_CREATED","payload":{"notificationId":8,"userId":2,"type":"TRANSACTION"},"traceId":null,"id":50,"createdAt":"2026-01-29T21:16:17.386Z"}
{"actor":"system","action":"NOTIFICATION_CREATED","payload":{"notificationId":9,"userId":5,"type":"TRANSACTION"},"traceId":null,"id":51,"createdAt":"2026-01-29T21:16:17.408Z"}
{"actor":"system","action":"NOTIFICATION_SCHEDULED","payload":{"type":"TRANSACTION_SUCCESS","entryId":10,"debitAccountId":3,"creditAccountId":8,"amount":500,"currency":"USD","idempotencyKey":"724357ba-b832-4183-8569-34f2a7601fc9","signatureAlg":"sha256","signature":"4ca0f8a79571c31cdf3ef3e5fba40d2e0df4dec1d2d492698698a31bb731285f"},"traceId":null,"id":52,"createdAt":"2026-01-29T21:16:17.415Z"}
{"actor":"user_5","action":"ACCOUNT_CREATED","payload":{"accountId":9,"currency":"USD","initialBalance":0},"traceId":null,"id":53,"createdAt":"2026-01-29T21:16:17.474Z"}
{"actor":"smoke_1769721377047@aurora.bank","action":"LEDGER_TRANSFER","payload":{"entryId":11,"debitAccountId":8,"creditAccountId":9,"amount":25,"currency":"USD","idempotencyKey":"bd33c247-082c-4366-b025-395449639a47"},"traceId":"bd33c247-082c-4366-b025-395449639a47","id":54,"createdAt":"2026-01-29T21:16:17.504Z"}
{"actor":"system","action":"NOTIFICATION_CREATED","payload":{"notificationId":10,"userId":5,"type":"TRANSACTION"},"traceId":null,"id":55,"createdAt":"2026-01-29T21:16:17.530Z"}
{"actor":"system","action":"NOTIFICATION_SCHEDULED","payload":{"type":"TRANSACTION_SUCCESS","entryId":11,"debitAccountId":8,"creditAccountId":9,"amount":25,"currency":"USD","idempotencyKey":"bd33c247-082c-4366-b025-395449639a47","traceId":"bd33c247-082c-4366-b025-395449639a47","signatureAlg":"sha256","signature":"c4e88ee3b8fc4e4aae8324924d08efc7d1693fa2143211f50d45b12e3232177e"},"traceId":null,"id":56,"createdAt":"2026-01-29T21:16:17.536Z"}
{"actor":"user_6","action":"ACCOUNT_CREATED","payload":{"accountId":10,"currency":"USD","initialBalance":123456789},"traceId":null,"id":57,"createdAt":"2026-01-29T21:25:11.878Z"}
{"actor":"system","action":"LEDGER_TRANSFER","payload":{"entryId":12,"debitAccountId":3,"creditAccountId":10,"amount":123456789,"currency":"USD","idempotencyKey":"6da3dc74-5314-4658-b3e7-7306db40ff8f"},"traceId":null,"id":58,"createdAt":"2026-01-29T21:25:11.970Z"}
{"actor":"system","action":"NOTIFICATION_CREATED","payload":{"notificationId":11,"userId":2,"type":"TRANSACTION"},"traceId":null,"id":59,"createdAt":"2026-01-29T21:25:12.319Z"}
{"actor":"system","action":"NOTIFICATION_CREATED","payload":{"notificationId":12,"userId":6,"type":"TRANSACTION"},"traceId":null,"id":60,"createdAt":"2026-01-29T21:25:12.331Z"}
{"actor":"system","action":"NOTIFICATION_SCHEDULED","payload":{"type":"TRANSACTION_SUCCESS","entryId":12,"debitAccountId":3,"creditAccountId":10,"amount":123456789,"currency":"USD","idempotencyKey":"6da3dc74-5314-4658-b3e7-7306db40ff8f","signatureAlg":"sha256","signature":"d45fafcc308186442353d928904355096418602828c36e4f55da8fbb915a7014"},"traceId":null,"id":61,"createdAt":"2026-01-29T21:25:12.337Z"}
{"actor":"user_6","action":"ACCOUNT_CREATED","payload":{"accountId":11,"currency":"USD","initialBalance":0},"traceId":null,"id":62,"createdAt":"2026-01-29T21:25:13.711Z"}
{"actor":"user_6","action":"PAYMENT_KYC_BLOCKED","payload":{"userId":6,"status":"PENDING"},"traceId":"26cc9ea4-b5c7-47db-a1cb-7d646c69a76b","id":63,"createdAt":"2026-01-29T21:26:17.075Z"}
{"actor":"user_6","action":"KYC_DOCUMENT_SUBMITTED","payload":{"documentId":1,"documentType":"ID_CARD"},"traceId":null,"id":64,"createdAt":"2026-01-29T21:32:25.468Z"}
{"actor":"user_7","action":"ACCOUNT_CREATED","payload":{"accountId":12,"currency":"USD","initialBalance":500},"traceId":null,"id":65,"createdAt":"2026-01-29T22:34:24.981Z"}
{"actor":"system","action":"LEDGER_TRANSFER","payload":{"entryId":13,"debitAccountId":3,"creditAccountId":12,"amount":500,"currency":"USD","idempotencyKey":"5d1e70ad-c6b8-4326-a425-ec891a98d0e0"},"traceId":null,"id":66,"createdAt":"2026-01-29T22:34:25.038Z"}
{"actor":"system","action":"NOTIFICATION_CREATED","payload":{"notificationId":13,"userId":2,"type":"TRANSACTION"},"traceId":null,"id":67,"createdAt":"2026-01-29T22:34:25.118Z"}
{"actor":"system","action":"NOTIFICATION_CREATED","payload":{"notificationId":14,"userId":7,"type":"TRANSACTION"},"traceId":null,"id":68,"createdAt":"2026-01-29T22:34:25.149Z"}
{"actor":"system","action":"NOTIFICATION_SCHEDULED","payload":{"type":"TRANSACTION_SUCCESS","entryId":13,"debitAccountId":3,"creditAccountId":12,"amount":500,"currency":"USD","idempotencyKey":"5d1e70ad-c6b8-4326-a425-ec891a98d0e0","signatureAlg":"sha256","signature":"d148d04cfb29390d362622bed358bf0f9516a94fe9b1784a57e59a953671f5b4"},"traceId":null,"id":69,"createdAt":"2026-01-29T22:34:25.153Z"}
{"actor":"user_7","action":"ACCOUNT_CREATED","payload":{"accountId":13,"currency":"USD","initialBalance":0},"traceId":null,"id":70,"createdAt":"2026-01-29T22:34:25.165Z"}
{"actor":"smoke_1769726064259@aurora.bank","action":"LEDGER_TRANSFER","payload":{"entryId":14,"debitAccountId":12,"creditAccountId":13,"amount":25,"currency":"USD","idempotencyKey":"a44f5917-fa56-457a-9ab0-477874e194d8"},"traceId":"a44f5917-fa56-457a-9ab0-477874e194d8","id":71,"createdAt":"2026-01-29T22:34:25.208Z"}
{"actor":"system","action":"NOTIFICATION_CREATED","payload":{"notificationId":15,"userId":7,"type":"TRANSACTION"},"traceId":null,"id":72,"createdAt":"2026-01-29T22:34:25.231Z"}
{"actor":"system","action":"NOTIFICATION_SCHEDULED","payload":{"type":"TRANSACTION_SUCCESS","entryId":14,"debitAccountId":12,"creditAccountId":13,"amount":25,"currency":"USD","idempotencyKey":"a44f5917-fa56-457a-9ab0-477874e194d8","traceId":"a44f5917-fa56-457a-9ab0-477874e194d8","signatureAlg":"sha256","signature":"23f0266c42cab2e1518540cec64fff44686866d653247933daeb30677f136203"},"traceId":null,"id":73,"createdAt":"2026-01-29T22:34:25.236Z"}
{"actor":"user_8","action":"ACCOUNT_CREATED","payload":{"accountId":14,"currency":"USD","initialBalance":5000},"traceId":null,"id":74,"createdAt":"2026-01-29T22:51:37.487Z"}
{"actor":"system","action":"LEDGER_TRANSFER","payload":{"entryId":15,"debitAccountId":3,"creditAccountId":14,"amount":5000,"currency":"USD","idempotencyKey":"bc54ce37-dfe7-43ae-930b-16eba08fbb9e"},"traceId":null,"id":75,"createdAt":"2026-01-29T22:51:37.557Z"}
{"actor":"system","action":"NOTIFICATION_CREATED","payload":{"notificationId":16,"userId":2,"type":"TRANSACTION"},"traceId":null,"id":76,"createdAt":"2026-01-29T22:51:37.606Z"}
{"actor":"system","action":"NOTIFICATION_CREATED","payload":{"notificationId":17,"userId":8,"type":"TRANSACTION"},"traceId":null,"id":77,"createdAt":"2026-01-29T22:51:37.619Z"}
{"actor":"system","action":"NOTIFICATION_SCHEDULED","payload":{"type":"TRANSACTION_SUCCESS","entryId":15,"debitAccountId":3,"creditAccountId":14,"amount":5000,"currency":"USD","idempotencyKey":"bc54ce37-dfe7-43ae-930b-16eba08fbb9e","signatureAlg":"sha256","signature":"eeb7d45f9b834066c7eea4f576c5645d81d76b524db971eb544eb0e3f27a97c1"},"traceId":null,"id":78,"createdAt":"2026-01-29T22:51:37.624Z"}
{"actor":"user_8","action":"ACCOUNT_CREATED","payload":{"accountId":15,"currency":"USD","initialBalance":0},"traceId":null,"id":79,"createdAt":"2026-01-29T22:51:39.957Z"}
{"actor":"user_8","action":"KYC_DOCUMENT_SUBMITTED","payload":{"documentId":2,"documentType":"PASSPORT"},"traceId":null,"id":80,"createdAt":"2026-01-29T22:52:16.282Z"}
{"actor":"user_8","action":"KYC_DOCUMENT_SUBMITTED","payload":{"documentId":3,"documentType":"ID_CARD"},"traceId":null,"id":81,"createdAt":"2026-01-29T22:52:46.252Z"}
{"actor":"user_8","action":"PAYMENT_KYC_BLOCKED","payload":{"userId":8,"status":"REVIEW"},"traceId":"745c766f-0af0-424e-8470-f5546277c70c","id":82,"createdAt":"2026-01-29T22:53:19.396Z"}
{"actor":"user_9","action":"KYC_DOCUMENT_SUBMITTED","payload":{"documentId":4,"documentType":"PASSPORT"},"traceId":null,"id":83,"createdAt":"2026-01-29T23:31:17.136Z"}
{"actor":"user_9","action":"KYC_DOCUMENT_SUBMITTED","payload":{"documentId":5,"documentType":"ID_CARD"},"traceId":null,"id":84,"createdAt":"2026-01-29T23:31:21.262Z"}
{"actor":"user_12","action":"KYC_DOCUMENT_SUBMITTED","payload":{"documentId":6,"documentType":"PASSPORT"},"traceId":null,"id":85,"createdAt":"2026-01-30T00:36:54.254Z"}
{"actor":"user_12","action":"KYC_DOCUMENT_SUBMITTED","payload":{"documentId":7,"documentType":"ID_CARD"},"traceId":null,"id":86,"createdAt":"2026-01-30T00:36:57.860Z"}
{"actor":"user_13","action":"KYC_DOCUMENT_SUBMITTED","payload":{"documentId":8,"documentType":"PASSPORT"},"traceId":null,"id":87,"createdAt":"2026-01-30T00:42:11.893Z"}
{"actor":"user_13","action":"KYC_DOCUMENT_SUBMITTED","payload":{"documentId":9,"documentType":"ID_CARD"},"traceId":null,"id":88,"createdAt":"2026-01-30T00:42:14.607Z"}
{"actor":"user_1","action":"KYC_DOCUMENT_SUBMITTED","payload":{"documentId":1,"documentType":"PASSPORT"},"traceId":null,"id":1,"createdAt":"2026-01-29T23:46:30.046Z"}
{"actor":"user_1","action":"KYC_DOCUMENT_SUBMITTED","payload":{"documentId":2,"documentType":"ID_CARD"},"traceId":null,"id":2,"createdAt":"2026-01-29T23:46:33.557Z"}
{"actor":"user_1","action":"ACCOUNT_CREATED","payload":{"accountId":1,"currency":"USD","initialBalance":50000},"traceId":null,"id":3,"createdAt":"2026-01-29T23:47:07.895Z"}
{"actor":"system","action":"LEDGER_TRANSFER","payload":{"entryId":1,"debitAccountId":2,"creditAccountId":1,"amount":50000,"currency":"USD","idempotencyKey":"dafbea23-6e2b-41af-95e3-afc881d97a53"},"traceId":null,"id":4,"createdAt":"2026-01-29T23:47:08.084Z"}
{"actor":"system","action":"NOTIFICATION_CREATED","payload":{"notificationId":1,"userId":2,"type":"TRANSACTION"},"traceId":null,"id":5,"createdAt":"2026-01-29T23:47:08.228Z"}
{"actor":"system","action":"NOTIFICATION_CREATED","payload":{"notificationId":2,"userId":1,"type":"TRANSACTION"},"traceId":null,"id":6,"createdAt":"2026-01-29T23:47:08.279Z"}
{"actor":"system","action":"NOTIFICATION_SCHEDULED","payload":{"type":"TRANSACTION_SUCCESS","entryId":1,"debitAccountId":2,"creditAccountId":1,"amount":50000,"currency":"USD","idempotencyKey":"dafbea23-6e2b-41af-95e3-afc881d97a53","signatureAlg":"sha256","signature":"80390fc8cb5ebd7cbd169db23583dea91f0c0ef170d7519dadf96bd398c39dcc"},"traceId":null,"id":7,"createdAt":"2026-01-29T23:47:08.303Z"}
{"actor":"user_1","action":"ACCOUNT_CREATED","payload":{"accountId":3,"currency":"USD","initialBalance":0},"traceId":null,"id":8,"createdAt":"2026-01-29T23:47:08.671Z"}
{"actor":"user_1","action":"FRAUD_CHECK_PASSED","payload":{"accountId":1,"amount":4214,"currency":"USD","riskScore":0},"traceId":"c373e7e1-7c08-4c62-a49b-553abb721960","id":9,"createdAt":"2026-01-29T23:48:04.182Z"}
{"actor":"user_1","action":"LIMIT_EVALUATED","payload":{"amount":4214,"fromAccount":1,"toAccount":2,"currency":"USD"},"traceId":null,"id":10,"createdAt":"2026-01-29T23:48:04.209Z"}
{"actor":"user_1","action":"LEDGER_TRANSFER","payload":{"entryId":2,"debitAccountId":1,"creditAccountId":2,"amount":4214,"currency":"USD","idempotencyKey":"c373e7e1-7c08-4c62-a49b-553abb721960"},"traceId":"c373e7e1-7c08-4c62-a49b-553abb721960","id":11,"createdAt":"2026-01-29T23:48:04.265Z"}
{"actor":"user_1","action":"PAYMENT_COMPLETED","payload":{"fromAccount":1,"toAccount":2,"amount":4214,"currency":"USD","idempotencyKey":"c373e7e1-7c08-4c62-a49b-553abb721960","ledgerEntryId":2,"geoLocation":"US","description":"client"},"traceId":"c373e7e1-7c08-4c62-a49b-553abb721960","id":12,"createdAt":"2026-01-29T23:48:04.281Z"}
{"actor":"system","action":"NOTIFICATION_CREATED","payload":{"notificationId":3,"userId":1,"type":"TRANSACTION"},"traceId":null,"id":13,"createdAt":"2026-01-29T23:48:04.308Z"}
{"actor":"system","action":"NOTIFICATION_CREATED","payload":{"notificationId":4,"userId":2,"type":"TRANSACTION"},"traceId":null,"id":14,"createdAt":"2026-01-29T23:48:04.350Z"}
{"actor":"system","action":"NOTIFICATION_SCHEDULED","payload":{"type":"TRANSACTION_SUCCESS","entryId":2,"debitAccountId":1,"creditAccountId":2,"amount":4214,"currency":"USD","idempotencyKey":"c373e7e1-7c08-4c62-a49b-553abb721960","traceId":"c373e7e1-7c08-4c62-a49b-553abb721960","signatureAlg":"sha256","signature":"9034616fd4219a139de2f314a55b89c2b30dc7111e190ac7d1a1de11687839fe"},"traceId":null,"id":15,"createdAt":"2026-01-29T23:48:04.357Z"}
{"actor":"user_1","action":"ACCOUNT_CREATED","payload":{"accountId":4,"currency":"USD","initialBalance":0},"traceId":null,"id":16,"createdAt":"2026-01-30T00:23:30.801Z"}
{"actor":"user_1","action":"NOTIFICATIONS_MARKED_READ","payload":{"count":2},"traceId":null,"id":17,"createdAt":"2026-01-30T01:02:04.253Z"}
{"actor":"user_3","action":"ACCOUNT_CREATED","payload":{"accountId":5,"currency":"USD","initialBalance":234124},"traceId":null,"id":18,"createdAt":"2026-01-30T02:23:23.374Z"}
{"actor":"system","action":"LEDGER_TRANSFER","payload":{"entryId":3,"debitAccountId":6,"creditAccountId":5,"amount":234124,"currency":"USD","idempotencyKey":"c22c5eef-6e7f-4bea-b1fe-f712beb2b318"},"traceId":null,"id":19,"createdAt":"2026-01-30T02:23:23.515Z"}
{"actor":"system","action":"NOTIFICATION_CREATED","payload":{"notificationId":5,"userId":4,"type":"TRANSACTION"},"traceId":null,"id":20,"createdAt":"2026-01-30T02:23:23.587Z"}
{"actor":"system","action":"NOTIFICATION_CREATED","payload":{"notificationId":6,"userId":3,"type":"TRANSACTION"},"traceId":null,"id":21,"createdAt":"2026-01-30T02:23:23.616Z"}
{"actor":"system","action":"NOTIFICATION_SCHEDULED","payload":{"type":"TRANSACTION_SUCCESS","entryId":3,"debitAccountId":6,"creditAccountId":5,"amount":234124,"currency":"USD","idempotencyKey":"c22c5eef-6e7f-4bea-b1fe-f712beb2b318","signatureAlg":"sha256","signature":"2f057f2fb93a530b8ca68fa11cefa36813f564a5ef6a9cb7f2d3448f0ccc14cd"},"traceId":null,"id":22,"createdAt":"2026-01-30T02:23:23.622Z"}
{"actor":"user_3","action":"ACCOUNT_CREATED","payload":{"accountId":7,"currency":"USD","initialBalance":0},"traceId":null,"id":23,"createdAt":"2026-01-30T02:23:28.422Z"}
{"actor":"user_3","action":"KYC_DOCUMENT_SUBMITTED","payload":{"documentId":3,"documentType":"PASSPORT"},"traceId":null,"id":24,"createdAt":"2026-01-30T02:24:36.666Z"}
{"actor":"user_3","action":"KYC_DOCUMENT_SUBMITTED","payload":{"documentId":4,"documentType":"ID_CARD"},"traceId":null,"id":25,"createdAt":"2026-01-30T02:24:44.059Z"}
{"actor":"user_3","action":"FRAUD_CHECK_PASSED","payload":{"accountId":5,"amount":31231,"currency":"USD","riskScore":0},"traceId":"c437bf63-da00-44bc-9d7f-b335cddf33c4","id":26,"createdAt":"2026-01-30T02:30:55.278Z"}
{"actor":"user_3","action":"LIMIT_REJECTED","payload":{"ruleId":1,"scope":"DAILY","amount":31231,"currentSpent":0,"threshold":24124,"remaining":24124},"traceId":null,"id":27,"createdAt":"2026-01-30T02:30:55.298Z"}
{"actor":"user_3","action":"FRAUD_CHECK_PASSED","payload":{"accountId":5,"amount":3123,"currency":"USD","riskScore":0},"traceId":"c88c5219-856c-4bfe-9444-d3e224ca5ce7","id":28,"createdAt":"2026-01-30T02:31:08.425Z"}
{"actor":"user_3","action":"LIMIT_EVALUATED","payload":{"amount":3123,"fromAccount":5,"toAccount":7,"currency":"USD"},"traceId":null,"id":29,"createdAt":"2026-01-30T02:31:08.440Z"}
{"actor":"user_3","action":"LEDGER_TRANSFER","payload":{"entryId":4,"debitAccountId":5,"creditAccountId":7,"amount":3123,"currency":"USD","idempotencyKey":"c88c5219-856c-4bfe-9444-d3e224ca5ce7"},"traceId":"c88c5219-856c-4bfe-9444-d3e224ca5ce7","id":30,"createdAt":"2026-01-30T02:31:08.488Z"}
{"actor":"user_3","action":"PAYMENT_COMPLETED","payload":{"fromAccount":5,"toAccount":7,"amount":3123,"currency":"USD","idempotencyKey":"c88c5219-856c-4bfe-9444-d3e224ca5ce7","ledgerEntryId":4,"description":"dsa"},"traceId":"c88c5219-856c-4bfe-9444-d3e224ca5ce7","id":31,"createdAt":"2026-01-30T02:31:08.503Z"}
{"actor":"system","action":"NOTIFICATION_CREATED","payload":{"notificationId":7,"userId":3,"type":"TRANSACTION"},"traceId":null,"id":32,"createdAt":"2026-01-30T02:31:08.537Z"}
{"actor":"system","action":"NOTIFICATION_SCHEDULED","payload":{"type":"TRANSACTION_SUCCESS","entryId":4,"debitAccountId":5,"creditAccountId":7,"amount":3123,"currency":"USD","idempotencyKey":"c88c5219-856c-4bfe-9444-d3e224ca5ce7","traceId":"c88c5219-856c-4bfe-9444-d3e224ca5ce7","signatureAlg":"sha256","signature":"d7424592c75cbf8f1d95bbfb388af5d16dbc854134cad3163f2ffeae8b5cd949"},"traceId":null,"id":33,"createdAt":"2026-01-30T02:31:08.546Z"}
{"actor":"system","action":"CARD_FROZEN","payload":{"event":"CARD_FROZEN","cardToken":"sda21312","reason":"user_request"},"traceId":null,"id":34,"createdAt":"2026-01-30T02:32:52.639Z"}
{"actor":"system","action":"CARD_UNFROZEN","payload":{"event":"CARD_UNFROZEN","cardToken":"sda21312"},"traceId":null,"id":35,"createdAt":"2026-01-30T02:32:53.580Z"}
{"actor":"system","action":"CARD_FROZEN","payload":{"event":"CARD_FROZEN","cardToken":"sda21312","reason":"user_request"},"traceId":null,"id":36,"createdAt":"2026-01-30T02:32:55.154Z"}
{"actor":"system","action":"CARD_UNFROZEN","payload":{"event":"CARD_UNFROZEN","cardToken":"sda21312"},"traceId":null,"id":37,"createdAt":"2026-01-30T02:32:55.698Z"}
{"actor":"system","action":"CARD_LIMITS_UPDATED","payload":{"cardToken":"10f1b36d-e807-474e-a641-b206b6baa2db","limits":{"mccWhitelist":[5411],"geoWhitelist":["US"],"spendLimits":{"daily":24}}},"traceId":null,"id":38,"createdAt":"2026-01-30T02:33:19.194Z"}
{"actor":"user_3","action":"NOTIFICATIONS_MARKED_READ","payload":{"count":2},"traceId":null,"id":39,"createdAt":"2026-01-30T02:33:53.920Z"}
{"actor":"user_3","action":"NOTIFICATION_DEVICE_REGISTERED","payload":{"deviceId":1,"platform":"web"},"traceId":null,"id":40,"createdAt":"2026-01-30T02:34:07.516Z"}
